<?xml version="1.0" encoding="UTF-8"?>
<!-- Generated by org.testng.reporters.JUnitReportReporter -->
<testsuite hostname="DESKTOP-B825KR3" failures="0" tests="2" name="pack.TestNG" time="13.311" errors="0" timestamp="2022-10-03T07:57:05 IST" skipped="0">
  <testcase classname="pack.TestNG" name="verifyPageTitleTest" time="6.734"/>
  <system-out/>
  <testcase classname="pack.TestNG" name="verifyFreeCRMLogoTest" time="6.577"/>
  <system-out/>
</testsuite> <!-- pack.TestNG -->
